<?xml version="1.0" encoding="UTF-8"?>
<!-- Generated by org.testng.reporters.JUnitReportReporter -->
<testsuite hostname="DESKTOP-UAQBN80" failures="0" tests="1" name="com.log4j2.Logs" time="14.240" errors="0" timestamp="2023-07-07T15:56:16 IST" skipped="0">
  <testcase classname="com.log4j2.Logs" name="LogsGenerate" time="14.240"/>
  <system-out/>
</testsuite> <!-- com.log4j2.Logs -->
